2020/07/28 14:38:59 Logging to a file in Go!
2020/07/28 14:38:59 Panic
2020/07/28 15:30:17 Logging to a file in Go!
2020/07/28 15:30:17 Panic
2020/07/28 15:30:36 Logging to a file in Go!
2020/07/28 15:30:36 Hello lo to lo
2020/07/28 15:32:14 Logging to a file in Go!
2020/07/28 15:32:14 Hello lo to lo
2020/07/28 15:32:56 Logging to a file in Go!
2020/07/28 15:32:56 Hello lo to lo
2020/07/28 15:34:06 Logging to a file in Go!
2020/07/28 15:34:06 Hello lo to lo
2020/07/28 15:34:08 Logging to a file in Go!
2020/07/28 15:34:08 Hello lo to lo
2020/07/28 15:38:27 Logging to a file in Go!
2020/07/28 15:38:27 Hello lo to lo
2020/07/28 15:38:27 Logging to a file in Go!
2020/07/28 15:38:27 Hello lo to lo
2020/07/28 15:38:28 Logging to a file in Go!
2020/07/28 15:38:28 Hello lo to lo
2020/07/28 15:38:29 Logging to a file in Go!
2020/07/28 15:38:29 Hello lo to lo
2020/07/28 15:38:30 Logging to a file in Go!
2020/07/28 15:38:30 Hello lo to lo
2020/07/28 15:38:30 Logging to a file in Go!
2020/07/28 15:38:30 Hello lo to lo
2020/07/28 15:38:30 Logging to a file in Go!
2020/07/28 15:38:30 Hello lo to lo
2020/07/28 15:38:31 Logging to a file in Go!
2020/07/28 15:38:31 Hello lo to lo
2020/07/28 15:38:31 Logging to a file in Go!
2020/07/28 15:38:31 Hello lo to lo
2020/07/28 15:46:13 Logging to a file in Go!
2020/07/28 15:46:13 Hello lo to lo
2020/07/28 15:46:13 Hello xyz
2020/07/28 15:51:16 Logging to a file in Go!
2020/07/28 15:51:16 Hello lo to lo
2020/07/28 15:51:16 Hello xyz
2020/07/28 15:51:16 Logging to a file in Go!
2020/07/28 15:51:16 Hello lo to lo
2020/07/28 15:51:16 Hello xyz
2020/07/28 15:51:17 Logging to a file in Go!
2020/07/28 15:51:17 Hello lo to lo
2020/07/28 15:51:17 Hello xyz
2020/07/28 15:51:17 Logging to a file in Go!
2020/07/28 15:51:17 Hello lo to lo
2020/07/28 15:51:17 Hello xyz
2020/07/28 15:51:18 Logging to a file in Go!
2020/07/28 15:51:18 Hello lo to lo
2020/07/28 15:51:18 Hello xyz
2020/07/28 15:51:18 Logging to a file in Go!
2020/07/28 15:51:18 Hello lo to lo
2020/07/28 15:51:18 Hello xyz
2020/07/28 15:51:18 Logging to a file in Go!
2020/07/28 15:51:18 Hello lo to lo
2020/07/28 15:51:18 Hello xyz
2020/07/28 15:51:19 Logging to a file in Go!
2020/07/28 15:51:19 Hello lo to lo
2020/07/28 15:51:19 Hello xyz
2020/07/28 15:54:03 Day la log!
2020/07/28 15:54:05 Day la log!
2020/07/28 15:55:23 Day la log!
